{"logTime": "1130/152405", "correlationVector":"UJ1V5HWK5YNcXzzLBmvnA+.1","action":"SyncServerConnectionManagerRequest", "result":"SYNC_SERVER_OK", "context":{"environment":"Prod_southeastasia_prod-s01-065-apac-southeastasia", "migrationStage":"NotStarted", "server":"akswtt10800000l"}}
{"logTime": "1130/152405", "correlationVector":"UJ1V5HWK5YNcXzzLBmvnA+.2","action":"ProcessGetUpdates", "result":"Done", "context":{"dataType":"Encryption Keys", "deleted":"0", "process_failed_to_decrypt":"0", "process_pending_decryption":"0", "process_success":"1", "total":"1"}}
{"logTime": "1130/152406", "correlationVector":"zb5ilddjB43e5jWg9PuXs5","action":"SyncServerConnectionManagerRequest", "result":"SYNC_SERVER_OK", "context":{"environment":"", "migrationStage":"", "server":""}}
{"logTime": "1130/152406", "correlationVector":"zb5ilddjB43e5jWg9PuXs5.0","action":"EncryptionKeysFetcher.DownloadKeys:", "result":"Success", "context":Key count: 10, Last key timestamp: 2025-11-30T02:36:01Z}
{"logTime": "1130/152406", "correlationVector":"zb5ilddjB43e5jWg9PuXs5.1","action":"EncryptionKeysManager::SetEncryptionKeys:", "result":"Success", "context":Key names[10]:[2clAt3MYovXfiI8F6YQLcEZnKwVyeGMi/6qPPD+/AHC6CjxvMlfrp72tTQVRHvoJ0BTgeUuVi57ojDjfbdtOGg==][ypA6lkDloGqtbTgFAN9Nm2Z+YAulQ/nElQ+FJSOsF6LHNZ4Patg64TnmdonbzU+bUMEnYOMDz9SqYVEECiWSTg==][kAEgz9zrGQLUYrvzxhUler/SJxCjAeDrJ5InziafJhKhraA4oHen55q96CeYeQfOu2654RiMyGTPuyTEbWmFRg==][8TLJNaRuJmilGmYZRXrENpg2PjY4LxxUfgujZtgd7HLQ/9cV/5lO2NUoqMQjbW63W5k+JkRvqi7QuKSix/ps2w==][K2/Fiv8ZD6nJkvx9jZ0DqQ1L/BnT5SsFaH2jzRgCWEO/miRYdmzpbhSEScNsTmQn8ErPU9kkknNWgsVcchxWBw==][/oMx/jPpg9VtCys6vrXmGw5FOo9E72A5bci/IONkfelFEao/9pB50qh+0Fi5QT+7DtCnVltcIf5GxK269U9ofA==][IeGm8uXctHehYCU8hzvZ2M2N0OqlslCH47oIJO4EgLfCE95khebe4pYcRyECimKMiiawQ3nQmSeLyz1uVKH9Rg==][BX6XpgfVS+nraFzRZUmtSCb76HRGKUVzfHF/+/qw+ZlxH88OrF2BnSbTk7CNVZs9OTKhV2n5uvMjiMZIq/jz1Q==][58TKqGqQeAm4lGRVxS7OTBT3JR6IHfURhJH5Ir/ZbTEu6QR090GY+0CGGhPha7PMwWKSs7+Xxh5X2XBJfg8+CA==][RnBVlHNO4aXAdJAnHAnahQUq6vk2ZKMxKm+rLpcD59/gymw2/64z01qciCAdq6W8RL4hLJSH7RrhBSWgkWAGPA==]}
{"logTime": "1130/152406", "correlationVector":"zb5ilddjB43e5jWg9PuXs5.2","action":"EncryptionKeysManager::SetEncryptionKeysWithTimestamps:", "result":"Success", "context":Key timestamps[10]:[2021-11-08T05:50:54Z][2022-06-12T08:19:44Z][2023-01-22T11:21:49Z][2023-07-22T12:14:51Z][2023-11-21T00:00:56Z][2024-01-24T20:29:33Z][2024-06-04T10:51:08Z][2024-12-01T14:45:50Z][2025-06-01T15:28:55Z][2025-11-30T02:36:01Z]}
{"logTime": "1130/152406", "correlationVector":"UJ1V5HWK5YNcXzzLBmvnA+","action":"Initial GetUpdates", "result":"", "context":Reason: NEW_CLIENT. cV=UJ1V5HWK5YNcXzzLBmvnA+}
{"logTime": "1130/152406", "correlationVector":"UJ1V5HWK5YNcXzzLBmvnA+.3","action":"GetUpdates Response", "result":"Success", "context":Received 1 update(s). cV=UJ1V5HWK5YNcXzzLBmvnA+.0;server=akswtt10800000l;cloudType=Consumer;environment=Prod_southeastasia_prod-s01-065-apac-southeastasia;migrationStage=NotStarted}
{"logTime": "1130/152406", "correlationVector":"7jC9HNc1B8Ei/7tS9rd6UY","action":"Initial GetUpdates", "result":"", "context":Reason: NEWLY_SUPPORTED_DATATYPE. cV=7jC9HNc1B8Ei/7tS9rd6UY}
{"logTime": "1130/152406", "correlationVector":"7jC9HNc1B8Ei/7tS9rd6UY.1","action":"SyncServerConnectionManagerRequest", "result":"SYNC_SERVER_OK", "context":{"environment":"Prod_southeastasia_prod-s01-065-apac-southeastasia", "migrationStage":"NotStarted", "server":"akswtt10800000t"}}
{"logTime": "1130/152406", "correlationVector":"7jC9HNc1B8Ei/7tS9rd6UY.2","action":"ProcessGetUpdates", "result":"Done", "context":{"dataType":"Preferences", "deleted":"0", "process_failed_to_decrypt":"0", "process_pending_decryption":"0", "process_success":"82", "total":"82"}}
{"logTime": "1130/152406", "correlationVector":"7jC9HNc1B8Ei/7tS9rd6UY.3","action":"ProcessGetUpdates", "result":"Done", "context":{"dataType":"Passwords", "deleted":"0", "process_failed_to_decrypt":"0", "process_pending_decryption":"0", "process_success":"1", "total":"1"}}
{"logTime": "1130/152406", "correlationVector":"7jC9HNc1B8Ei/7tS9rd6UY.4","action":"ProcessGetUpdates", "result":"Done", "context":{"dataType":"Device Info", "deleted":"0", "process_failed_to_decrypt":"0", "process_pending_decryption":"0", "process_success":"27", "total":"27"}}
{"logTime": "1130/152406", "correlationVector":"7jC9HNc1B8Ei/7tS9rd6UY.5","action":"GetUpdates Response", "result":"Success", "context":Received 110 update(s). cV=7jC9HNc1B8Ei/7tS9rd6UY.0;server=akswtt10800000t;cloudType=Consumer;environment=Prod_southeastasia_prod-s01-065-apac-southeastasia;migrationStage=NotStarted}
{"logTime": "1130/152406", "correlationVector":"ur38OIqkWpB45n/nrF+asv","action":"Initial GetUpdates", "result":"", "context":Reason: NEWLY_SUPPORTED_DATATYPE. cV=ur38OIqkWpB45n/nrF+asv}
{"logTime": "1130/152407", "correlationVector":"ur38OIqkWpB45n/nrF+asv.1","action":"SyncServerConnectionManagerRequest", "result":"SYNC_SERVER_OK", "context":{"environment":"Prod_southeastasia_prod-s01-064-apac-southeastasia", "migrationStage":"NotStarted", "server":"akswtt10800000a"}}
{"logTime": "1130/152407", "correlationVector":"ur38OIqkWpB45n/nrF+asv.2","action":"ProcessGetUpdates", "result":"Done", "context":{"dataType":"Bookmarks", "deleted":"0", "process_failed_to_decrypt":"0", "process_pending_decryption":"0", "process_success":"12", "total":"12"}}
{"logTime": "1130/152407", "correlationVector":"ur38OIqkWpB45n/nrF+asv.3","action":"GetUpdates Response", "result":"Success", "context":Received 12 update(s). cV=ur38OIqkWpB45n/nrF+asv.0;server=akswtt10800000a;cloudType=Consumer;environment=Prod_southeastasia_prod-s01-064-apac-southeastasia;migrationStage=NotStarted}
{"logTime": "1130/152407", "correlationVector":"uTqe2qQ/o/+fiL2IYMQEyN","action":"Initial GetUpdates", "result":"", "context":Reason: NEWLY_SUPPORTED_DATATYPE. cV=uTqe2qQ/o/+fiL2IYMQEyN}
{"logTime": "1130/152407", "correlationVector":"uTqe2qQ/o/+fiL2IYMQEyN.1","action":"SyncServerConnectionManagerRequest", "result":"SYNC_SERVER_OK", "context":{"environment":"Prod_southeastasia_prod-s01-064-apac-southeastasia", "migrationStage":"NotStarted", "server":"akswtt108000009"}}
{"logTime": "1130/152407", "correlationVector":"uTqe2qQ/o/+fiL2IYMQEyN.2","action":"ProcessGetUpdates", "result":"Done", "context":{"dataType":"Autofill Profiles", "deleted":"2", "process_failed_to_decrypt":"0", "process_pending_decryption":"0", "process_success":"20", "total":"20"}}
{"logTime": "1130/152407", "correlationVector":"uTqe2qQ/o/+fiL2IYMQEyN.3","action":"ProcessGetUpdates", "result":"Done", "context":{"dataType":"Autofill", "deleted":"0", "process_failed_to_decrypt":"0", "process_pending_decryption":"0", "process_success":"40", "total":"40"}}
{"logTime": "1130/152407", "correlationVector":"uTqe2qQ/o/+fiL2IYMQEyN.4","action":"ProcessGetUpdates", "result":"Done", "context":{"dataType":"Extensions", "deleted":"0", "process_failed_to_decrypt":"0", "process_pending_decryption":"0", "process_success":"8", "total":"8"}}
{"logTime": "1130/152407", "correlationVector":"uTqe2qQ/o/+fiL2IYMQEyN.5","action":"ProcessGetUpdates", "result":"Done", "context":{"dataType":"Sessions", "deleted":"146", "process_failed_to_decrypt":"0", "process_pending_decryption":"0", "process_success":"159", "total":"159"}}
{"logTime": "1130/152407", "correlationVector":"uTqe2qQ/o/+fiL2IYMQEyN.6","action":"ProcessGetUpdates", "result":"Done", "context":{"dataType":"Extension settings", "deleted":"0", "process_failed_to_decrypt":"0", "process_pending_decryption":"0", "process_success":"3", "total":"3"}}
{"logTime": "1130/152407", "correlationVector":"uTqe2qQ/o/+fiL2IYMQEyN.7","action":"ProcessGetUpdates", "result":"Done", "context":{"dataType":"Saved Tab Group", "deleted":"3", "process_failed_to_decrypt":"0", "process_pending_decryption":"0", "process_success":"3", "total":"3"}}
{"logTime": "1130/152407", "correlationVector":"uTqe2qQ/o/+fiL2IYMQEyN.8","action":"ProcessGetUpdates", "result":"Done", "context":{"dataType":"Edge Hub App Usage", "deleted":"11", "process_failed_to_decrypt":"0", "process_pending_decryption":"0", "process_success":"17", "total":"17"}}
{"logTime": "1130/152407", "correlationVector":"uTqe2qQ/o/+fiL2IYMQEyN.9","action":"GetUpdates Response", "result":"Success", "context":Received 250 update(s). cV=uTqe2qQ/o/+fiL2IYMQEyN.0;server=akswtt108000009;cloudType=Consumer;environment=Prod_southeastasia_prod-s01-064-apac-southeastasia;migrationStage=NotStarted Some updates remain.}
{"logTime": "1130/152407", "correlationVector":"ZxmQycqDYnXI5jeddF/Ys+","action":"Initial GetUpdates", "result":"", "context":Reason: NEWLY_SUPPORTED_DATATYPE. cV=ZxmQycqDYnXI5jeddF/Ys+}
{"logTime": "1130/152408", "correlationVector":"ZxmQycqDYnXI5jeddF/Ys+.1","action":"SyncServerConnectionManagerRequest", "result":"SYNC_SERVER_OK", "context":{"environment":"Prod_southeastasia_prod-s01-064-apac-southeastasia", "migrationStage":"NotStarted", "server":"akswtt108000008"}}
{"logTime": "1130/152408", "correlationVector":"ZxmQycqDYnXI5jeddF/Ys+.2","action":"ProcessGetUpdates", "result":"Done", "context":{"dataType":"Autofill", "deleted":"0", "process_failed_to_decrypt":"0", "process_pending_decryption":"0", "process_success":"8", "total":"8"}}
{"logTime": "1130/152408", "correlationVector":"ZxmQycqDYnXI5jeddF/Ys+.3","action":"ProcessGetUpdates", "result":"Done", "context":{"dataType":"Sessions", "deleted":"9", "process_failed_to_decrypt":"0", "process_pending_decryption":"0", "process_success":"29", "total":"29"}}
{"logTime": "1130/152408", "correlationVector":"ZxmQycqDYnXI5jeddF/Ys+.4","action":"ProcessGetUpdates", "result":"Done", "context":{"dataType":"Extension settings", "deleted":"0", "process_failed_to_decrypt":"0", "process_pending_decryption":"0", "process_success":"1", "total":"1"}}
{"logTime": "1130/152408", "correlationVector":"ZxmQycqDYnXI5jeddF/Ys+.5","action":"GetUpdates Response", "result":"Success", "context":Received 38 update(s). cV=ZxmQycqDYnXI5jeddF/Ys+.0;server=akswtt108000008;cloudType=Consumer;environment=Prod_southeastasia_prod-s01-064-apac-southeastasia;migrationStage=NotStarted}
{"logTime": "1130/152408", "correlationVector":"s5S+Gi7UuvATIZYEJSJNhE","action":"Initial GetUpdates", "result":"", "context":Reason: NEWLY_SUPPORTED_DATATYPE. cV=s5S+Gi7UuvATIZYEJSJNhE}
{"logTime": "1130/152408", "correlationVector":"s5S+Gi7UuvATIZYEJSJNhE.1","action":"SyncServerConnectionManagerRequest", "result":"SYNC_SERVER_OK", "context":{"environment":"Prod_southeastasia_prod-s01-064-apac-southeastasia", "migrationStage":"NotStarted", "server":"akswtt10800000l"}}
{"logTime": "1130/152409", "correlationVector":"s5S+Gi7UuvATIZYEJSJNhE.2","action":"ProcessGetUpdates", "result":"Done", "context":{"dataType":"History", "deleted":"0", "process_failed_to_decrypt":"0", "process_pending_decryption":"0", "process_success":"250", "total":"250"}}
{"logTime": "1130/152409", "correlationVector":"s5S+Gi7UuvATIZYEJSJNhE.3","action":"GetUpdates Response", "result":"Success", "context":Received 250 update(s). cV=s5S+Gi7UuvATIZYEJSJNhE.0;server=akswtt10800000l;cloudType=Consumer;environment=Prod_southeastasia_prod-s01-064-apac-southeastasia;migrationStage=NotStarted Some updates remain.}
{"logTime": "1130/152409", "correlationVector":"TrNlPzx0nMs1kFaUSJDraJ","action":"Initial GetUpdates", "result":"", "context":Reason: NEWLY_SUPPORTED_DATATYPE. cV=TrNlPzx0nMs1kFaUSJDraJ}
{"logTime": "1130/152409", "correlationVector":"TrNlPzx0nMs1kFaUSJDraJ.1","action":"SyncServerConnectionManagerRequest", "result":"SYNC_SERVER_OK", "context":{"environment":"Prod_southeastasia_prod-s01-065-apac-southeastasia", "migrationStage":"NotStarted", "server":"akswtt10800000o"}}
{"logTime": "1130/152409", "correlationVector":"TrNlPzx0nMs1kFaUSJDraJ.2","action":"ProcessGetUpdates", "result":"Done", "context":{"dataType":"History", "deleted":"0", "process_failed_to_decrypt":"0", "process_pending_decryption":"0", "process_success":"191", "total":"191"}}
{"logTime": "1130/152409", "correlationVector":"TrNlPzx0nMs1kFaUSJDraJ.3","action":"GetUpdates Response", "result":"Success", "context":Received 191 update(s). cV=TrNlPzx0nMs1kFaUSJDraJ.0;server=akswtt10800000o;cloudType=Consumer;environment=Prod_southeastasia_prod-s01-065-apac-southeastasia;migrationStage=NotStarted}
{"logTime": "1130/152409", "correlationVector":"/6g4UoY0IRK7rEUvy/qIfD","action":"Normal GetUpdate request", "result":"", "context":cV=/6g4UoY0IRK7rEUvy/qIfD
Nudged types: Sessions, Device Info, User Consents
Refresh requested types: Bookmarks, Preferences, Passwords, Autofill Profiles, Autofill, Extensions, Sessions, Extension settings, History Delete Directives, Device Info, User Consents, Send Tab To Self, Web Apps, History, Saved Tab Group, WebAuthn Credentials, Collection, Edge E Drop, Edge Hub App Usage, Edge Wallet, Encryption Keys}
{"logTime": "1130/152410", "correlationVector":"/6g4UoY0IRK7rEUvy/qIfD.1","action":"SyncServerConnectionManagerRequest", "result":"SYNC_SERVER_OK", "context":{"environment":"Prod_southeastasia_prod-s01-065-apac-southeastasia", "migrationStage":"NotStarted", "server":"akswtt10800000o"}}
{"logTime": "1130/152410", "correlationVector":"/6g4UoY0IRK7rEUvy/qIfD.2","action":"GetUpdates Response", "result":"Success", "context":Received 0 update(s). cV=/6g4UoY0IRK7rEUvy/qIfD.0;server=akswtt10800000o;cloudType=Consumer;environment=Prod_southeastasia_prod-s01-065-apac-southeastasia;migrationStage=NotStarted}
{"logTime": "1130/152410", "correlationVector":"9NPCydzny2WuCV0gqfQOux","action":"DoCompareDataConsistency requsted types: ", "result":"Bookmarks, Preferences, Passwords, Extensions, Extension settings, History Delete Directives, Send Tab To Self, Web Apps, History, Saved Tab Group, WebAuthn Credentials, Collection, Edge E Drop, Edge Wallet, Encryption Keys"}
{"logTime": "1130/152410", "correlationVector":"9NPCydzny2WuCV0gqfQOux.0","action":"CompareDataConsistency result: ", "result":"Compare result: Encryption Keys is consistent. local entities count is: 1 local entities hash is: HmM+l4IcqHnTSN0LLkhbtCNkZDU="}
{"logTime": "1130/152410", "correlationVector":"9NPCydzny2WuCV0gqfQOux.1","action":"CompareDataConsistency result: ", "result":"Compare result: Bookmarks is consistent. local entities count is: 6 local entities hash is: IQiM2ivd7kl/nlXaRNyOM+ev7nA="}
{"logTime": "1130/152410", "correlationVector":"9NPCydzny2WuCV0gqfQOux.2","action":"CompareDataConsistency result: ", "result":"Compare result: Preferences is consistent. local entities count is: 82 local entities hash is: t5jk+/fdvGh9aq5Lp/0U4asRe/8="}
{"logTime": "1130/152410", "correlationVector":"9NPCydzny2WuCV0gqfQOux.3","action":"CompareDataConsistency result: ", "result":"Compare result: Extensions is consistent. local entities count is: 8 local entities hash is: 7li4ge2RgZS3FVHlt1lbxeb6YN0="}
{"logTime": "1130/152410", "correlationVector":"9NPCydzny2WuCV0gqfQOux.4","action":"CompareDataConsistency result: ", "result":"Compare result: Extension settings is consistent. local entities count is: 4 local entities hash is: e5mdGXiYU1nI38vJx2pflgkCVP4="}
{"logTime": "1130/152410", "correlationVector":"9NPCydzny2WuCV0gqfQOux.5","action":"CompareDataConsistency result: ", "result":"Compare result: History Delete Directives is consistent. local entities count is: 0 local entities hash is: "}
{"logTime": "1130/152410", "correlationVector":"9NPCydzny2WuCV0gqfQOux.6","action":"CompareDataConsistency result: ", "result":"Server did not send this Send Tab To Self local entities count is: 0 local entities hash is: "}
{"logTime": "1130/152410", "correlationVector":"9NPCydzny2WuCV0gqfQOux.7","action":"CompareDataConsistency result: ", "result":"Compare result: Web Apps is consistent. local entities count is: 0 local entities hash is: "}
{"logTime": "1130/152410", "correlationVector":"9NPCydzny2WuCV0gqfQOux.8","action":"CompareDataConsistency result: ", "result":"Server did not send this History local entities count is: 0 local entities hash is: "}
{"logTime": "1130/152410", "correlationVector":"9NPCydzny2WuCV0gqfQOux.9","action":"CompareDataConsistency result: ", "result":"Compare result: Saved Tab Group is consistent. local entities count is: 0 local entities hash is: "}
{"logTime": "1130/152410", "correlationVector":"9NPCydzny2WuCV0gqfQOux.10","action":"CompareDataConsistency result: ", "result":"Server did not send this WebAuthn Credentials local entities count is: 0 local entities hash is: "}
{"logTime": "1130/152410", "correlationVector":"9NPCydzny2WuCV0gqfQOux.11","action":"CompareDataConsistency result: ", "result":"Compare result: Collection is consistent. local entities count is: 0 local entities hash is: "}
{"logTime": "1130/152410", "correlationVector":"9NPCydzny2WuCV0gqfQOux.12","action":"CompareDataConsistency result: ", "result":"Compare result: Edge E Drop is consistent. local entities count is: 0 local entities hash is: "}
{"logTime": "1130/152410", "correlationVector":"9NPCydzny2WuCV0gqfQOux.13","action":"CompareDataConsistency result: ", "result":"Compare result: Edge Wallet is consistent. local entities count is: 0 local entities hash is: "}
{"logTime": "1130/152410", "correlationVector":"9NPCydzny2WuCV0gqfQOux.14","action":"CompareDataConsistency result: ", "result":"Compare result: Passwords is consistent. local entities count is: 1 local entities hash is: Fs0WGDRkYHN8bBIfB6j2bXpDRf0="}
{"logTime": "1130/152410", "correlationVector":"LtDBbPCkUbG8ciTx3W9U77","action":"Commit Request", "result":"", "context":Item count: 4
Contributing types: Sessions, Device Info, User Consents}
{"logTime": "1130/152411", "correlationVector":"LtDBbPCkUbG8ciTx3W9U77.1","action":"SyncServerConnectionManagerRequest", "result":"SYNC_SERVER_OK", "context":{"environment":"Prod_southeastasia_prod-s01-065-apac-southeastasia", "migrationStage":"NotStarted", "server":"akswtt10800000r"}}
{"logTime": "1130/152411", "correlationVector":"LtDBbPCkUbG8ciTx3W9U77.2","action":"Commit Response", "result":"Success", "context":Result: Success. cV=LtDBbPCkUbG8ciTx3W9U77.0;server=akswtt10800000r;cloudType=Consumer;environment=Prod_southeastasia_prod-s01-065-apac-southeastasia;migrationStage=NotStarted}
{"logTime": "1130/152411", "correlationVector":"","action":"DIAGNOSTIC_REQUEST|v1/diagnosticData/Diagnostic.SendCheckResult()|SUCCESS", "result":""}
{"logTime": "1130/152411", "correlationVector":"LZaRufIEu2h89JEEl6u//K","action":"Commit Request", "result":"", "context":Item count: 2
Contributing types: Sessions, History}
{"logTime": "1130/152411", "correlationVector":"LZaRufIEu2h89JEEl6u//K.1","action":"SyncServerConnectionManagerRequest", "result":"SYNC_SERVER_OK", "context":{"environment":"Prod_southeastasia_prod-s01-065-apac-southeastasia", "migrationStage":"NotStarted", "server":"akswtt10800000v"}}
{"logTime": "1130/152411", "correlationVector":"LZaRufIEu2h89JEEl6u//K.2","action":"Commit Response", "result":"Success", "context":Result: Success. cV=LZaRufIEu2h89JEEl6u//K.0;server=akswtt10800000v;cloudType=Consumer;environment=Prod_southeastasia_prod-s01-065-apac-southeastasia;migrationStage=NotStarted}
{"logTime": "1130/152419", "correlationVector":"HFtAfNm1IJgWMQxRLbSvNc","action":"Commit Request", "result":"", "context":Item count: 3
Contributing types: Sessions, User Consents, History}
{"logTime": "1130/152419", "correlationVector":"HFtAfNm1IJgWMQxRLbSvNc.1","action":"SyncServerConnectionManagerRequest", "result":"SYNC_SERVER_OK", "context":{"environment":"Prod_southeastasia_prod-s01-065-apac-southeastasia", "migrationStage":"NotStarted", "server":"akswtt10800000r"}}
{"logTime": "1130/152419", "correlationVector":"HFtAfNm1IJgWMQxRLbSvNc.2","action":"Commit Response", "result":"Success", "context":Result: Success. cV=HFtAfNm1IJgWMQxRLbSvNc.0;server=akswtt10800000r;cloudType=Consumer;environment=Prod_southeastasia_prod-s01-065-apac-southeastasia;migrationStage=NotStarted}
{"logTime": "1130/152533", "correlationVector":"/muEZ1Kf7dTCwIxr1shEfb","action":"Commit Request", "result":"", "context":Item count: 1
Contributing types: History}
{"logTime": "1130/152533", "correlationVector":"/muEZ1Kf7dTCwIxr1shEfb.1","action":"SyncServerConnectionManagerRequest", "result":"SYNC_SERVER_OK", "context":{"environment":"Prod_southeastasia_prod-s01-065-apac-southeastasia", "migrationStage":"NotStarted", "server":"akswtt10800000a"}}
{"logTime": "1130/152533", "correlationVector":"/muEZ1Kf7dTCwIxr1shEfb.2","action":"Commit Response", "result":"Success", "context":Result: Success. cV=/muEZ1Kf7dTCwIxr1shEfb.0;server=akswtt10800000a;cloudType=Consumer;environment=Prod_southeastasia_prod-s01-065-apac-southeastasia;migrationStage=NotStarted}
{"logTime": "1130/152706", "correlationVector":"tvaMhXN03791sWex5vz0+Q","action":"Normal GetUpdate request", "result":"", "context":cV=tvaMhXN03791sWex5vz0+Q
Notified types: Device Info}
{"logTime": "1130/152707", "correlationVector":"tvaMhXN03791sWex5vz0+Q.1","action":"SyncServerConnectionManagerRequest", "result":"SYNC_SERVER_OK", "context":{"environment":"Prod_southeastasia_prod-s01-065-apac-southeastasia", "migrationStage":"NotStarted", "server":"akswtt10800000g"}}
{"logTime": "1130/152707", "correlationVector":"tvaMhXN03791sWex5vz0+Q.2","action":"ProcessGetUpdates", "result":"Done", "context":{"dataType":"Sessions", "deleted":"0", "process_failed_to_decrypt":"0", "process_pending_decryption":"0", "process_success":"4", "total":"4"}}
{"logTime": "1130/152707", "correlationVector":"tvaMhXN03791sWex5vz0+Q.3","action":"ProcessGetUpdates", "result":"Done", "context":{"dataType":"Device Info", "deleted":"0", "process_failed_to_decrypt":"0", "process_pending_decryption":"0", "process_success":"2", "total":"2"}}
{"logTime": "1130/152707", "correlationVector":"tvaMhXN03791sWex5vz0+Q.4","action":"ProcessGetUpdates", "result":"Done", "context":{"dataType":"History", "deleted":"0", "process_failed_to_decrypt":"0", "process_pending_decryption":"0", "process_success":"1", "total":"1"}}
{"logTime": "1130/152707", "correlationVector":"tvaMhXN03791sWex5vz0+Q.5","action":"GetUpdates Response", "result":"Success", "context":Received 7 update(s). cV=tvaMhXN03791sWex5vz0+Q.0;server=akswtt10800000g;cloudType=Consumer;environment=Prod_southeastasia_prod-s01-065-apac-southeastasia;migrationStage=NotStarted}
{"logTime": "1130/152807", "correlationVector":"zV7HR0hY9G1luqqqWqw57i","action":"Normal GetUpdate request", "result":"", "context":cV=zV7HR0hY9G1luqqqWqw57i
Notified types: History}
{"logTime": "1130/152808", "correlationVector":"zV7HR0hY9G1luqqqWqw57i.1","action":"SyncServerConnectionManagerRequest", "result":"SYNC_SERVER_OK", "context":{"environment":"Prod_southeastasia_prod-s01-065-apac-southeastasia", "migrationStage":"NotStarted", "server":"akswtt10800000t"}}
{"logTime": "1130/152808", "correlationVector":"zV7HR0hY9G1luqqqWqw57i.2","action":"ProcessGetUpdates", "result":"Done", "context":{"dataType":"Sessions", "deleted":"0", "process_failed_to_decrypt":"0", "process_pending_decryption":"0", "process_success":"1", "total":"1"}}
{"logTime": "1130/152808", "correlationVector":"zV7HR0hY9G1luqqqWqw57i.3","action":"ProcessGetUpdates", "result":"Done", "context":{"dataType":"History", "deleted":"0", "process_failed_to_decrypt":"0", "process_pending_decryption":"0", "process_success":"1", "total":"1"}}
{"logTime": "1130/152808", "correlationVector":"zV7HR0hY9G1luqqqWqw57i.4","action":"GetUpdates Response", "result":"Success", "context":Received 2 update(s). cV=zV7HR0hY9G1luqqqWqw57i.0;server=akswtt10800000t;cloudType=Consumer;environment=Prod_southeastasia_prod-s01-065-apac-southeastasia;migrationStage=NotStarted}
{"logTime": "1130/153231", "correlationVector":"DdwI8Hbp8XTkBaJhyXTgtN","action":"Commit Request", "result":"", "context":Item count: 1
Contributing types: Sessions}
{"logTime": "1130/153231", "correlationVector":"DdwI8Hbp8XTkBaJhyXTgtN.1","action":"SyncServerConnectionManagerRequest", "result":"SYNC_SERVER_OK", "context":{"environment":"Prod_southeastasia_prod-s01-064-apac-southeastasia", "migrationStage":"NotStarted", "server":"akswtt108000004"}}
{"logTime": "1130/153231", "correlationVector":"DdwI8Hbp8XTkBaJhyXTgtN.2","action":"Commit Response", "result":"Success", "context":Result: Success. cV=DdwI8Hbp8XTkBaJhyXTgtN.0;server=akswtt108000004;cloudType=Consumer;environment=Prod_southeastasia_prod-s01-064-apac-southeastasia;migrationStage=NotStarted}
{"logTime": "1130/153837", "correlationVector":"oMXEdwFBEtXpbj8PDUnJPI.1","action":"SyncServerConnectionManagerRequest", "result":"SYNC_SERVER_OK", "context":{"environment":"Prod_southeastasia_prod-s01-065-apac-southeastasia", "migrationStage":"NotStarted", "server":"akswtt10800000e"}}
{"logTime": "1130/153837", "correlationVector":"oMXEdwFBEtXpbj8PDUnJPI.2","action":"ProcessGetUpdates", "result":"Done", "context":{"dataType":"Encryption Keys", "deleted":"0", "process_failed_to_decrypt":"0", "process_pending_decryption":"0", "process_success":"1", "total":"1"}}
{"logTime": "1130/153838", "correlationVector":"iFrE5FPT6IGY91L/bvQGi7","action":"SyncServerConnectionManagerRequest", "result":"SYNC_SERVER_OK", "context":{"environment":"", "migrationStage":"", "server":""}}
{"logTime": "1130/153838", "correlationVector":"iFrE5FPT6IGY91L/bvQGi7.0","action":"EncryptionKeysFetcher.DownloadKeys:", "result":"Success", "context":Key count: 10, Last key timestamp: 2025-11-30T02:36:01Z}
{"logTime": "1130/153838", "correlationVector":"iFrE5FPT6IGY91L/bvQGi7.1","action":"EncryptionKeysManager::SetEncryptionKeys:", "result":"Success", "context":Key names[10]:[2clAt3MYovXfiI8F6YQLcEZnKwVyeGMi/6qPPD+/AHC6CjxvMlfrp72tTQVRHvoJ0BTgeUuVi57ojDjfbdtOGg==][ypA6lkDloGqtbTgFAN9Nm2Z+YAulQ/nElQ+FJSOsF6LHNZ4Patg64TnmdonbzU+bUMEnYOMDz9SqYVEECiWSTg==][kAEgz9zrGQLUYrvzxhUler/SJxCjAeDrJ5InziafJhKhraA4oHen55q96CeYeQfOu2654RiMyGTPuyTEbWmFRg==][8TLJNaRuJmilGmYZRXrENpg2PjY4LxxUfgujZtgd7HLQ/9cV/5lO2NUoqMQjbW63W5k+JkRvqi7QuKSix/ps2w==][K2/Fiv8ZD6nJkvx9jZ0DqQ1L/BnT5SsFaH2jzRgCWEO/miRYdmzpbhSEScNsTmQn8ErPU9kkknNWgsVcchxWBw==][/oMx/jPpg9VtCys6vrXmGw5FOo9E72A5bci/IONkfelFEao/9pB50qh+0Fi5QT+7DtCnVltcIf5GxK269U9ofA==][IeGm8uXctHehYCU8hzvZ2M2N0OqlslCH47oIJO4EgLfCE95khebe4pYcRyECimKMiiawQ3nQmSeLyz1uVKH9Rg==][BX6XpgfVS+nraFzRZUmtSCb76HRGKUVzfHF/+/qw+ZlxH88OrF2BnSbTk7CNVZs9OTKhV2n5uvMjiMZIq/jz1Q==][58TKqGqQeAm4lGRVxS7OTBT3JR6IHfURhJH5Ir/ZbTEu6QR090GY+0CGGhPha7PMwWKSs7+Xxh5X2XBJfg8+CA==][RnBVlHNO4aXAdJAnHAnahQUq6vk2ZKMxKm+rLpcD59/gymw2/64z01qciCAdq6W8RL4hLJSH7RrhBSWgkWAGPA==]}
{"logTime": "1130/153838", "correlationVector":"iFrE5FPT6IGY91L/bvQGi7.2","action":"EncryptionKeysManager::SetEncryptionKeysWithTimestamps:", "result":"Success", "context":Key timestamps[10]:[2021-11-08T05:50:54Z][2022-06-12T08:19:44Z][2023-01-22T11:21:49Z][2023-07-22T12:14:51Z][2023-11-21T00:00:56Z][2024-01-24T20:29:33Z][2024-06-04T10:51:08Z][2024-12-01T14:45:50Z][2025-06-01T15:28:55Z][2025-11-30T02:36:01Z]}
{"logTime": "1130/153838", "correlationVector":"oMXEdwFBEtXpbj8PDUnJPI","action":"Initial GetUpdates", "result":"", "context":Reason: NEW_CLIENT. cV=oMXEdwFBEtXpbj8PDUnJPI}
{"logTime": "1130/153838", "correlationVector":"oMXEdwFBEtXpbj8PDUnJPI.3","action":"GetUpdates Response", "result":"Success", "context":Received 1 update(s). cV=oMXEdwFBEtXpbj8PDUnJPI.0;server=akswtt10800000e;cloudType=Consumer;environment=Prod_southeastasia_prod-s01-065-apac-southeastasia;migrationStage=NotStarted}
{"logTime": "1130/153838", "correlationVector":"fKK+v+9GMunJMruL6IR0az","action":"Initial GetUpdates", "result":"", "context":Reason: NEWLY_SUPPORTED_DATATYPE. cV=fKK+v+9GMunJMruL6IR0az}
{"logTime": "1130/153838", "correlationVector":"fKK+v+9GMunJMruL6IR0az.1","action":"SyncServerConnectionManagerRequest", "result":"SYNC_SERVER_OK", "context":{"environment":"Prod_southeastasia_prod-s01-065-apac-southeastasia", "migrationStage":"NotStarted", "server":"akswtt10800000r"}}
{"logTime": "1130/153838", "correlationVector":"fKK+v+9GMunJMruL6IR0az.2","action":"ProcessGetUpdates", "result":"Done", "context":{"dataType":"Passwords", "deleted":"0", "process_failed_to_decrypt":"0", "process_pending_decryption":"0", "process_success":"1", "total":"1"}}
{"logTime": "1130/153838", "correlationVector":"fKK+v+9GMunJMruL6IR0az.3","action":"GetUpdates Response", "result":"Success", "context":Received 1 update(s). cV=fKK+v+9GMunJMruL6IR0az.0;server=akswtt10800000r;cloudType=Consumer;environment=Prod_southeastasia_prod-s01-065-apac-southeastasia;migrationStage=NotStarted}
{"logTime": "1130/153838", "correlationVector":"u5spn0BHP/s2L1mWdQWqSr","action":"Normal GetUpdate request", "result":"", "context":cV=u5spn0BHP/s2L1mWdQWqSr
Nudged types: Sessions, History
Refresh requested types: Bookmarks, Preferences, Passwords, Autofill Profiles, Autofill, Extensions, Sessions, Extension settings, History Delete Directives, Device Info, User Consents, Send Tab To Self, Web Apps, History, Saved Tab Group, WebAuthn Credentials, Collection, Edge E Drop, Edge Hub App Usage, Edge Wallet, Encryption Keys}
{"logTime": "1130/153839", "correlationVector":"u5spn0BHP/s2L1mWdQWqSr.1","action":"SyncServerConnectionManagerRequest", "result":"SYNC_SERVER_OK", "context":{"environment":"Prod_southeastasia_prod-s01-065-apac-southeastasia", "migrationStage":"NotStarted", "server":"akswtt108000001"}}
{"logTime": "1130/153839", "correlationVector":"u5spn0BHP/s2L1mWdQWqSr.2","action":"ProcessGetUpdates", "result":"Done", "context":{"dataType":"Preferences", "deleted":"0", "process_failed_to_decrypt":"0", "process_pending_decryption":"0", "process_success":"1", "total":"1"}}
{"logTime": "1130/153839", "correlationVector":"u5spn0BHP/s2L1mWdQWqSr.3","action":"ProcessGetUpdates", "result":"Done", "context":{"dataType":"Sessions", "deleted":"1", "process_failed_to_decrypt":"0", "process_pending_decryption":"0", "process_success":"5", "total":"5"}}
{"logTime": "1130/153839", "correlationVector":"u5spn0BHP/s2L1mWdQWqSr.4","action":"ProcessGetUpdates", "result":"Done", "context":{"dataType":"Extension settings", "deleted":"0", "process_failed_to_decrypt":"0", "process_pending_decryption":"0", "process_success":"1", "total":"1"}}
{"logTime": "1130/153839", "correlationVector":"u5spn0BHP/s2L1mWdQWqSr.5","action":"ProcessGetUpdates", "result":"Done", "context":{"dataType":"Device Info", "deleted":"0", "process_failed_to_decrypt":"0", "process_pending_decryption":"0", "process_success":"1", "total":"1"}}
{"logTime": "1130/153839", "correlationVector":"u5spn0BHP/s2L1mWdQWqSr.6","action":"ProcessGetUpdates", "result":"Done", "context":{"dataType":"History", "deleted":"0", "process_failed_to_decrypt":"0", "process_pending_decryption":"0", "process_success":"3", "total":"3"}}
{"logTime": "1130/153839", "correlationVector":"u5spn0BHP/s2L1mWdQWqSr.7","action":"GetUpdates Response", "result":"Success", "context":Received 11 update(s). cV=u5spn0BHP/s2L1mWdQWqSr.0;server=akswtt108000001;cloudType=Consumer;environment=Prod_southeastasia_prod-s01-065-apac-southeastasia;migrationStage=NotStarted}
{"logTime": "1130/153941", "correlationVector":"XfHsFef2d1d37BKoIaQ3DD","action":"Commit Request", "result":"", "context":Item count: 3
Contributing types: Sessions, History}
{"logTime": "1130/153942", "correlationVector":"XfHsFef2d1d37BKoIaQ3DD.1","action":"SyncServerConnectionManagerRequest", "result":"SYNC_SERVER_OK", "context":{"environment":"Prod_southeastasia_prod-s01-065-apac-southeastasia", "migrationStage":"NotStarted", "server":"akswtt108000007"}}
{"logTime": "1130/153942", "correlationVector":"XfHsFef2d1d37BKoIaQ3DD.2","action":"Commit Response", "result":"Success", "context":Result: Success. cV=XfHsFef2d1d37BKoIaQ3DD.0;server=akswtt108000007;cloudType=Consumer;environment=Prod_southeastasia_prod-s01-065-apac-southeastasia;migrationStage=NotStarted}
{"logTime": "1130/153944", "correlationVector":"TAEjJRXBYBwFx0weQQIunV","action":"Normal GetUpdate request", "result":"", "context":cV=TAEjJRXBYBwFx0weQQIunV
Notified types: History}
{"logTime": "1130/153944", "correlationVector":"TAEjJRXBYBwFx0weQQIunV.1","action":"SyncServerConnectionManagerRequest", "result":"SYNC_SERVER_OK", "context":{"environment":"Prod_southeastasia_prod-s01-065-apac-southeastasia", "migrationStage":"NotStarted", "server":"akswtt10800000n"}}
{"logTime": "1130/153944", "correlationVector":"TAEjJRXBYBwFx0weQQIunV.2","action":"ProcessGetUpdates", "result":"Done", "context":{"dataType":"Sessions", "deleted":"0", "process_failed_to_decrypt":"0", "process_pending_decryption":"0", "process_success":"3", "total":"3"}}
{"logTime": "1130/153944", "correlationVector":"TAEjJRXBYBwFx0weQQIunV.3","action":"ProcessGetUpdates", "result":"Done", "context":{"dataType":"History", "deleted":"0", "process_failed_to_decrypt":"0", "process_pending_decryption":"0", "process_success":"3", "total":"3"}}
{"logTime": "1130/153944", "correlationVector":"TAEjJRXBYBwFx0weQQIunV.4","action":"GetUpdates Response", "result":"Success", "context":Received 6 update(s). cV=TAEjJRXBYBwFx0weQQIunV.0;server=akswtt10800000n;cloudType=Consumer;environment=Prod_southeastasia_prod-s01-065-apac-southeastasia;migrationStage=NotStarted}
