2025-11-30 15:24:03.503: [INFO][Sync] Reset engine, reason: 8
2025-11-30 15:24:03.503: [INFO][Sync] Stopped: Bookmarks
2025-11-30 15:24:03.503: [INFO][Sync] Stopped: Preferences
2025-11-30 15:24:03.503: [INFO][Sync] Stopped: Passwords
2025-11-30 15:24:03.503: [INFO][Sync] Stopped: Autofill Profiles
2025-11-30 15:24:03.503: [INFO][Sync] Stopped: Autofill
2025-11-30 15:24:03.503: [INFO][Sync] Stopped: Extensions
2025-11-30 15:24:03.503: [INFO][Sync] Stopped: Sessions
2025-11-30 15:24:03.503: [INFO][Sync] Stopped: Extension settings
2025-11-30 15:24:03.503: [INFO][Sync] Stopped: History Delete Directives
2025-11-30 15:24:03.503: [INFO][Sync] Stopped: Device Info
2025-11-30 15:24:03.503: [INFO][Sync] Stopped: User Consents
2025-11-30 15:24:03.503: [INFO][Sync] Stopped: Send Tab To Self
2025-11-30 15:24:03.503: [INFO][Sync] Stopped: Web Apps
2025-11-30 15:24:03.503: [INFO][Sync] Stopped: History
2025-11-30 15:24:03.503: [INFO][Sync] Stopped: Saved Tab Group
2025-11-30 15:24:03.503: [INFO][Sync] Stopped: WebAuthn Credentials
2025-11-30 15:24:03.503: [INFO][Sync] Stopped: Collection
2025-11-30 15:24:03.503: [INFO][Sync] Stopped: Edge E Drop
2025-11-30 15:24:03.503: [INFO][Sync] Stopped: Edge Hub App Usage
2025-11-30 15:24:03.503: [INFO][Sync] Stopped: Edge Wallet
2025-11-30 15:24:03.503: [INFO][Sync] SyncState after authenticated was: NotSignedIn
2025-11-30 15:24:03.752: [INFO][Sync] Reset engine, reason: 8
2025-11-30 15:24:03.752: [INFO][Sync] Stopped: Bookmarks
2025-11-30 15:24:03.752: [INFO][Sync] Stopped: Preferences
2025-11-30 15:24:03.752: [INFO][Sync] Stopped: Passwords
2025-11-30 15:24:03.752: [INFO][Sync] Stopped: Autofill Profiles
2025-11-30 15:24:03.752: [INFO][Sync] Stopped: Autofill
2025-11-30 15:24:03.752: [INFO][Sync] Stopped: Extensions
2025-11-30 15:24:03.752: [INFO][Sync] Stopped: Sessions
2025-11-30 15:24:03.752: [INFO][Sync] Stopped: Extension settings
2025-11-30 15:24:03.752: [INFO][Sync] Stopped: History Delete Directives
2025-11-30 15:24:03.752: [INFO][Sync] Stopped: Device Info
2025-11-30 15:24:03.752: [INFO][Sync] Stopped: User Consents
2025-11-30 15:24:03.752: [INFO][Sync] Stopped: Send Tab To Self
2025-11-30 15:24:03.752: [INFO][Sync] Stopped: Web Apps
2025-11-30 15:24:03.752: [INFO][Sync] Stopped: History
2025-11-30 15:24:03.752: [INFO][Sync] Stopped: Saved Tab Group
2025-11-30 15:24:03.752: [INFO][Sync] Stopped: WebAuthn Credentials
2025-11-30 15:24:03.752: [INFO][Sync] Stopped: Collection
2025-11-30 15:24:03.752: [INFO][Sync] Stopped: Edge E Drop
2025-11-30 15:24:03.752: [INFO][Sync] Stopped: Edge Hub App Usage
2025-11-30 15:24:03.752: [INFO][Sync] Stopped: Edge Wallet
2025-11-30 15:24:04.115: [INFO][Sync] Try to start sync engine
2025-11-30 15:24:04.117: [INFO][SyncManagerImpl::NudgeForInitialDownload] Initial download nudge for Encryption Keys
2025-11-30 15:24:04.117: [INFO][SyncEngineBackend::LoadAndConnectNigoriController] Load and connect Nigori controller
2025-11-30 15:24:04.117: [INFO][SyncEngineBackend::DoInitialize] Control Types added: Encryption Keys
2025-11-30 15:24:04.117: [INFO][SyncManagerImpl::ConfigureSyncer] Types to download: Encryption Keys with reason: 3
2025-11-30 15:24:04.117: [INFO][SyncSchedulerImpl::DoConfigurationSyncCycleJob] Configure job was blocked
2025-11-30 15:24:04.281: [INFO][SyncAuthManager::SetLastAuthError] Current auth error: None
2025-11-30 15:24:04.281: [INFO][SyncAuthManager::EdgeLogTokenErrorState] Token error with: None for account type: MSA
2025-11-30 15:24:04.281: [INFO][Sync] Credentials changed for: EdgeSyncScopeNew
2025-11-30 15:24:05.441: [INFO][SyncAuthManager::SetLastAuthError] Current auth error: None
2025-11-30 15:24:05.441: [INFO][SyncAuthManager::EdgeLogTokenErrorState] Token error with: None for account type: MSA
2025-11-30 15:24:05.441: [INFO][Sync] Credentials changed for: EdgeSyncKeyDataScope
2025-11-30 15:24:05.443: [INFO][SyncEngineBackend::DoUpdateKeyDataCredentials] Update key data credentials
2025-11-30 15:24:05.443: [INFO][SyncEngineBackend::DoUpdateCredentials] Update credentials
2025-11-30 15:24:05.443: [INFO][SyncSchedulerImpl::DoConfigurationSyncCycleJob] Blocked types:  and types to download: Encryption Keys
2025-11-30 15:24:05.777: [INFO][Sync] Started DataTypeManager configuration, reason: 4
2025-11-30 15:24:05.778: [INFO][Sync] Configuring for: Bookmarks, Preferences, Passwords, Autofill Profiles, Autofill, Extensions, Sessions, Extension settings, History Delete Directives, Device Info, User Consents, Send Tab To Self, Web Apps, History, Saved Tab Group, WebAuthn Credentials, Collection, Edge E Drop, Edge Hub App Usage, Edge Wallet, Encryption Keys, reason: 3, current state: 0
2025-11-30 15:24:05.778: [WARN][Sync] Crypto error data types: Passwords, Autofill Profiles, Autofill
2025-11-30 15:24:05.780: [INFO][Sync] Configure, desired: Bookmarks, Preferences, Extensions, Sessions, Extension settings, History Delete Directives, Device Info, User Consents, Send Tab To Self, Web Apps, History, Saved Tab Group, WebAuthn Credentials, Collection, Edge E Drop, Edge Hub App Usage, Edge Wallet, Encryption Keys; Allow fail: Passwords, Autofill Profiles, Autofill
2025-11-30 15:24:05.780: [INFO][Sync] Loading: Bookmarks
2025-11-30 15:24:05.780: [INFO][Sync] Loading: Preferences
2025-11-30 15:24:05.780: [INFO][Sync] Loading: Extensions
2025-11-30 15:24:05.780: [INFO][Sync] Loading: Sessions
2025-11-30 15:24:05.780: [INFO][Sync] Loading: Extension settings
2025-11-30 15:24:05.780: [INFO][Sync] Loading: History Delete Directives
2025-11-30 15:24:05.780: [INFO][Sync] Loading: Device Info
2025-11-30 15:24:05.780: [INFO][Sync] Loading: User Consents
2025-11-30 15:24:05.780: [INFO][Sync] Loading: Send Tab To Self
2025-11-30 15:24:05.780: [INFO][Sync] Loading: Web Apps
2025-11-30 15:24:05.780: [INFO][Sync] Loading: History
2025-11-30 15:24:05.780: [INFO][Sync] Loading: Saved Tab Group
2025-11-30 15:24:05.780: [INFO][Sync] Loading: WebAuthn Credentials
2025-11-30 15:24:05.780: [INFO][Sync] Loading: Collection
2025-11-30 15:24:05.780: [INFO][Sync] Loading: Edge E Drop
2025-11-30 15:24:05.780: [INFO][Sync] Loading: Edge Hub App Usage
2025-11-30 15:24:05.780: [INFO][Sync] Loading: Edge Wallet
2025-11-30 15:24:05.790: [INFO][Sync] All data types are ready for configure.
2025-11-30 15:24:06.314: [INFO][Sync] Started DataTypeManager configuration, reason: 5
2025-11-30 15:24:06.314: [INFO][Sync] Configuring for: Bookmarks, Preferences, Passwords, Autofill Profiles, Autofill, Extensions, Sessions, Extension settings, History Delete Directives, Device Info, User Consents, Send Tab To Self, Web Apps, History, Saved Tab Group, WebAuthn Credentials, Collection, Edge E Drop, Edge Hub App Usage, Edge Wallet, Encryption Keys, reason: 5, current state: 1
2025-11-30 15:24:06.321: [INFO][SyncEngineBackend::DoStartConfiguration] Start configuration
2025-11-30 15:24:06.321: [INFO][SyncManagerImpl::NudgeForInitialDownload] Initial download nudge for Bookmarks
2025-11-30 15:24:06.321: [INFO][SyncManagerImpl::NudgeForInitialDownload] Initial download nudge for Preferences
2025-11-30 15:24:06.321: [INFO][SyncManagerImpl::NudgeForInitialDownload] Initial download nudge for Extensions
2025-11-30 15:24:06.321: [INFO][SyncManagerImpl::NudgeForInitialDownload] Initial download nudge for Sessions
2025-11-30 15:24:06.321: [INFO][SyncManagerImpl::NudgeForInitialDownload] Initial download nudge for Extension settings
2025-11-30 15:24:06.321: [INFO][SyncManagerImpl::NudgeForInitialDownload] Initial download nudge for History Delete Directives
2025-11-30 15:24:06.321: [INFO][SyncManagerImpl::NudgeForInitialDownload] Initial download nudge for Device Info
2025-11-30 15:24:06.321: [INFO][SyncManagerImpl::NudgeForInitialDownload] Initial download nudge for Send Tab To Self
2025-11-30 15:24:06.321: [INFO][SyncManagerImpl::NudgeForInitialDownload] Initial download nudge for Web Apps
2025-11-30 15:24:06.321: [INFO][SyncManagerImpl::NudgeForInitialDownload] Initial download nudge for History
2025-11-30 15:24:06.321: [INFO][SyncManagerImpl::NudgeForInitialDownload] Initial download nudge for Saved Tab Group
2025-11-30 15:24:06.321: [INFO][SyncManagerImpl::NudgeForInitialDownload] Initial download nudge for WebAuthn Credentials
2025-11-30 15:24:06.321: [INFO][SyncManagerImpl::NudgeForInitialDownload] Initial download nudge for Collection
2025-11-30 15:24:06.321: [INFO][SyncManagerImpl::NudgeForInitialDownload] Initial download nudge for Edge E Drop
2025-11-30 15:24:06.321: [INFO][SyncManagerImpl::NudgeForInitialDownload] Initial download nudge for Edge Hub App Usage
2025-11-30 15:24:06.321: [INFO][SyncManagerImpl::NudgeForInitialDownload] Initial download nudge for Edge Wallet
2025-11-30 15:24:06.321: [INFO][SyncManagerImpl::ConfigureSyncer] Types to download:  with reason: 3
2025-11-30 15:24:06.321: [INFO][SyncEngineBackend::DoFinishConfigureDataTypes] Failed to download types:  and succeeded types: 
2025-11-30 15:24:06.325: [INFO][Sync] ConfigurationDone, failed: , succeeded: , remaining count: 4
2025-11-30 15:24:06.325: [WARN][Sync]     Reconfigure requested while configuration ongoing.
2025-11-30 15:24:06.325: [INFO][Sync] Configuring for: Bookmarks, Preferences, Passwords, Autofill Profiles, Autofill, Extensions, Sessions, Extension settings, History Delete Directives, Device Info, User Consents, Send Tab To Self, Web Apps, History, Saved Tab Group, WebAuthn Credentials, Collection, Edge E Drop, Edge Hub App Usage, Edge Wallet, Encryption Keys, reason: 5, current state: 2
2025-11-30 15:24:06.325: [INFO][Sync] Configure, desired: Bookmarks, Preferences, Passwords, Autofill Profiles, Autofill, Extensions, Sessions, Extension settings, History Delete Directives, Device Info, User Consents, Send Tab To Self, Web Apps, History, Saved Tab Group, WebAuthn Credentials, Collection, Edge E Drop, Edge Hub App Usage, Edge Wallet, Encryption Keys; Allow fail: 
2025-11-30 15:24:06.325: [INFO][Sync] Loading: Passwords
2025-11-30 15:24:06.325: [INFO][Sync] Loading: Autofill Profiles
2025-11-30 15:24:06.325: [INFO][Sync] Loading: Autofill
2025-11-30 15:24:06.326: [INFO][Sync] All data types are ready for configure.
2025-11-30 15:24:06.326: [INFO][SyncManagerImpl::NudgeForInitialDownload] Initial download nudge for Passwords
2025-11-30 15:24:06.326: [INFO][SyncManagerImpl::NudgeForInitialDownload] Initial download nudge for Autofill Profiles
2025-11-30 15:24:06.326: [INFO][SyncManagerImpl::NudgeForInitialDownload] Initial download nudge for Autofill
2025-11-30 15:24:06.326: [INFO][SyncManagerImpl::ConfigureSyncer] Types to download:  with reason: 5
2025-11-30 15:24:06.326: [INFO][SyncEngineBackend::DoFinishConfigureDataTypes] Failed to download types:  and succeeded types: 
2025-11-30 15:24:06.326: [INFO][Sync] ConfigurationDone, failed: , succeeded: , remaining count: 4
2025-11-30 15:24:06.326: [INFO][Sync] Prepare to configure types: Preferences, Passwords, Device Info, Send Tab To Self, Edge E Drop, Encryption Keys
2025-11-30 15:24:06.326: [INFO][SyncManagerImpl::ConfigureSyncer] Types to download: Preferences, Passwords, Device Info, Send Tab To Self, Edge E Drop, Encryption Keys with reason: 5
2025-11-30 15:24:06.326: [INFO][SyncSchedulerImpl::DoConfigurationSyncCycleJob] Blocked types:  and types to download: Preferences, Passwords, Device Info, Send Tab To Self, Edge E Drop, Encryption Keys
2025-11-30 15:24:06.729: [INFO][SyncEngineBackend::DoFinishConfigureDataTypes] Failed to download types:  and succeeded types: Preferences, Passwords, Device Info, Send Tab To Self, Edge E Drop, Encryption Keys
2025-11-30 15:24:06.736: [INFO][Sync] ConfigurationDone, failed: , succeeded: Preferences, Passwords, Device Info, Send Tab To Self, Edge E Drop, Encryption Keys, remaining count: 3
2025-11-30 15:24:06.736: [INFO][Sync] Prepare to configure types: Bookmarks, Encryption Keys
2025-11-30 15:24:06.736: [INFO][SyncManagerImpl::ConfigureSyncer] Types to download: Bookmarks, Encryption Keys with reason: 5
2025-11-30 15:24:06.736: [INFO][SyncSchedulerImpl::DoConfigurationSyncCycleJob] Blocked types:  and types to download: Bookmarks, Encryption Keys
2025-11-30 15:24:07.128: [INFO][SyncEngineBackend::DoFinishConfigureDataTypes] Failed to download types:  and succeeded types: Bookmarks, Encryption Keys
2025-11-30 15:24:07.152: [INFO][Sync] ConfigurationDone, failed: , succeeded: Bookmarks, Encryption Keys, remaining count: 2
2025-11-30 15:24:07.152: [INFO][Sync] Prepare to configure types: Autofill Profiles, Autofill, Extensions, Sessions, Extension settings, History Delete Directives, Web Apps, Saved Tab Group, WebAuthn Credentials, Collection, Edge Hub App Usage, Edge Wallet, Encryption Keys
2025-11-30 15:24:07.152: [INFO][SyncManagerImpl::ConfigureSyncer] Types to download: Autofill Profiles, Autofill, Extensions, Sessions, Extension settings, History Delete Directives, Web Apps, Saved Tab Group, WebAuthn Credentials, Collection, Edge Hub App Usage, Edge Wallet, Encryption Keys with reason: 5
2025-11-30 15:24:07.152: [INFO][SyncSchedulerImpl::DoConfigurationSyncCycleJob] Blocked types:  and types to download: Autofill Profiles, Autofill, Extensions, Sessions, Extension settings, History Delete Directives, Web Apps, Saved Tab Group, WebAuthn Credentials, Collection, Edge Hub App Usage, Edge Wallet, Encryption Keys
2025-11-30 15:24:08.155: [INFO][SyncEngineBackend::DoFinishConfigureDataTypes] Failed to download types:  and succeeded types: Autofill Profiles, Autofill, Extensions, Sessions, Extension settings, History Delete Directives, Web Apps, Saved Tab Group, WebAuthn Credentials, Collection, Edge Hub App Usage, Edge Wallet, Encryption Keys
2025-11-30 15:24:08.157: [INFO][Sync] ConfigurationDone, failed: , succeeded: Autofill Profiles, Autofill, Extensions, Sessions, Extension settings, History Delete Directives, Web Apps, Saved Tab Group, WebAuthn Credentials, Collection, Edge Hub App Usage, Edge Wallet, Encryption Keys, remaining count: 1
2025-11-30 15:24:08.159: [INFO][Sync] Prepare to configure types: History, Encryption Keys
2025-11-30 15:24:08.160: [INFO][SyncManagerImpl::ConfigureSyncer] Types to download: History, Encryption Keys with reason: 5
2025-11-30 15:24:08.160: [INFO][SyncSchedulerImpl::DoConfigurationSyncCycleJob] Blocked types:  and types to download: History, Encryption Keys
2025-11-30 15:24:09.678: [INFO][SyncEngineBackend::DoFinishConfigureDataTypes] Failed to download types:  and succeeded types: History, Encryption Keys
2025-11-30 15:24:09.684: [INFO][Sync] ConfigurationDone, failed: , succeeded: History, Encryption Keys, remaining count: 0
2025-11-30 15:24:09.691: [INFO][Sync]     Configuration completed, state: 7
2025-11-30 15:24:09.691: [INFO][Sync] Configured DataTypeManager: Ok
2025-11-30 15:24:09.699: [INFO][SyncEngineBackend::DoStartSyncing] Start syncing
2025-11-30 15:33:24.351: [INFO][Sync] Reset engine, reason: 0
2025-11-30 15:33:24.351: [INFO][Sync] Reset engine with reason: 0
2025-11-30 15:38:26.832: [INFO][Sync] SyncState after authenticated was: FeatureCanStart
2025-11-30 15:38:29.478: [INFO][SyncAuthManager::SetLastAuthError] Current auth error: None
2025-11-30 15:38:29.478: [INFO][SyncAuthManager::EdgeLogTokenErrorState] Token error with: None for account type: MSA
2025-11-30 15:38:29.478: [INFO][Sync] Credentials changed for: EdgeSyncKeyDataScope
2025-11-30 15:38:36.980: [INFO][Sync] Try to start sync engine
2025-11-30 15:38:36.981: [INFO][SyncManagerImpl::NudgeForInitialDownload] Initial download nudge for Encryption Keys
2025-11-30 15:38:36.981: [INFO][SyncEngineBackend::LoadAndConnectNigoriController] Load and connect Nigori controller
2025-11-30 15:38:36.981: [INFO][SyncEngineBackend::DoInitialize] Control Types added: Encryption Keys
2025-11-30 15:38:36.981: [INFO][SyncManagerImpl::ConfigureSyncer] Types to download: Encryption Keys with reason: 3
2025-11-30 15:38:36.981: [INFO][SyncEngineBackend::DoUpdateKeyDataCredentials] Update key data credentials
2025-11-30 15:38:36.981: [INFO][SyncSchedulerImpl::DoConfigurationSyncCycleJob] Configure job was blocked
2025-11-30 15:38:37.029: [INFO][SyncAuthManager::SetLastAuthError] Current auth error: None
2025-11-30 15:38:37.029: [INFO][SyncAuthManager::EdgeLogTokenErrorState] Token error with: None for account type: MSA
2025-11-30 15:38:37.029: [INFO][Sync] Credentials changed for: EdgeSyncScopeNew
2025-11-30 15:38:37.029: [INFO][SyncEngineBackend::DoUpdateCredentials] Update credentials
2025-11-30 15:38:37.029: [INFO][SyncEngineBackend::DoUpdateKeyDataCredentials] Update key data credentials
2025-11-30 15:38:37.029: [INFO][SyncSchedulerImpl::DoConfigurationSyncCycleJob] Blocked types:  and types to download: Encryption Keys
2025-11-30 15:38:37.651: [INFO][Sync] Started DataTypeManager configuration, reason: 4
2025-11-30 15:38:37.652: [INFO][Sync] Configuring for: Bookmarks, Preferences, Passwords, Autofill Profiles, Autofill, Extensions, Sessions, Extension settings, History Delete Directives, Device Info, User Consents, Send Tab To Self, Web Apps, History, Saved Tab Group, WebAuthn Credentials, Collection, Edge E Drop, Edge Hub App Usage, Edge Wallet, Encryption Keys, reason: 4, current state: 0
2025-11-30 15:38:37.652: [WARN][Sync] Crypto error data types: Passwords, Autofill Profiles, Autofill
2025-11-30 15:38:37.658: [INFO][Sync] Configure, desired: Bookmarks, Preferences, Extensions, Sessions, Extension settings, History Delete Directives, Device Info, User Consents, Send Tab To Self, Web Apps, History, Saved Tab Group, WebAuthn Credentials, Collection, Edge E Drop, Edge Hub App Usage, Edge Wallet, Encryption Keys; Allow fail: Passwords, Autofill Profiles, Autofill
2025-11-30 15:38:37.658: [INFO][Sync] Loading: Bookmarks
2025-11-30 15:38:37.658: [INFO][Sync] Loading: Preferences
2025-11-30 15:38:37.658: [INFO][Sync] Loading: Extensions
2025-11-30 15:38:37.658: [INFO][Sync] Loading: Sessions
2025-11-30 15:38:37.658: [INFO][Sync] Loading: Extension settings
2025-11-30 15:38:37.658: [INFO][Sync] Loading: History Delete Directives
2025-11-30 15:38:37.658: [INFO][Sync] Loading: Device Info
2025-11-30 15:38:37.658: [INFO][Sync] Loading: User Consents
2025-11-30 15:38:37.658: [INFO][Sync] Loading: Send Tab To Self
2025-11-30 15:38:37.658: [INFO][Sync] Loading: Web Apps
2025-11-30 15:38:37.658: [INFO][Sync] Loading: History
2025-11-30 15:38:37.658: [INFO][Sync] Loading: Saved Tab Group
2025-11-30 15:38:37.658: [INFO][Sync] Loading: WebAuthn Credentials
2025-11-30 15:38:37.658: [INFO][Sync] Loading: Collection
2025-11-30 15:38:37.658: [INFO][Sync] Loading: Edge E Drop
2025-11-30 15:38:37.658: [INFO][Sync] Loading: Edge Hub App Usage
2025-11-30 15:38:37.658: [INFO][Sync] Loading: Edge Wallet
2025-11-30 15:38:37.668: [INFO][Sync] All data types are ready for configure.
2025-11-30 15:38:38.446: [INFO][Sync] Started DataTypeManager configuration, reason: 5
2025-11-30 15:38:38.446: [INFO][Sync] Configuring for: Bookmarks, Preferences, Passwords, Autofill Profiles, Autofill, Extensions, Sessions, Extension settings, History Delete Directives, Device Info, User Consents, Send Tab To Self, Web Apps, History, Saved Tab Group, WebAuthn Credentials, Collection, Edge E Drop, Edge Hub App Usage, Edge Wallet, Encryption Keys, reason: 5, current state: 1
2025-11-30 15:38:38.452: [INFO][SyncEngineBackend::DoStartConfiguration] Start configuration
2025-11-30 15:38:38.453: [INFO][SyncManagerImpl::ConfigureSyncer] Types to download:  with reason: 4
2025-11-30 15:38:38.453: [INFO][SyncEngineBackend::DoFinishConfigureDataTypes] Failed to download types:  and succeeded types: 
2025-11-30 15:38:38.453: [INFO][Sync] ConfigurationDone, failed: , succeeded: , remaining count: 4
2025-11-30 15:38:38.453: [WARN][Sync]     Reconfigure requested while configuration ongoing.
2025-11-30 15:38:38.453: [INFO][Sync] Configuring for: Bookmarks, Preferences, Passwords, Autofill Profiles, Autofill, Extensions, Sessions, Extension settings, History Delete Directives, Device Info, User Consents, Send Tab To Self, Web Apps, History, Saved Tab Group, WebAuthn Credentials, Collection, Edge E Drop, Edge Hub App Usage, Edge Wallet, Encryption Keys, reason: 5, current state: 2
2025-11-30 15:38:38.453: [INFO][Sync] Configure, desired: Bookmarks, Preferences, Passwords, Autofill Profiles, Autofill, Extensions, Sessions, Extension settings, History Delete Directives, Device Info, User Consents, Send Tab To Self, Web Apps, History, Saved Tab Group, WebAuthn Credentials, Collection, Edge E Drop, Edge Hub App Usage, Edge Wallet, Encryption Keys; Allow fail: 
2025-11-30 15:38:38.453: [INFO][Sync] Loading: Passwords
2025-11-30 15:38:38.453: [INFO][Sync] Loading: Autofill Profiles
2025-11-30 15:38:38.453: [INFO][Sync] Loading: Autofill
2025-11-30 15:38:38.453: [INFO][Sync] All data types are ready for configure.
2025-11-30 15:38:38.453: [INFO][SyncManagerImpl::NudgeForInitialDownload] Initial download nudge for Passwords
2025-11-30 15:38:38.453: [INFO][SyncManagerImpl::ConfigureSyncer] Types to download:  with reason: 5
2025-11-30 15:38:38.453: [INFO][SyncEngineBackend::DoFinishConfigureDataTypes] Failed to download types:  and succeeded types: 
2025-11-30 15:38:38.457: [INFO][Sync] ConfigurationDone, failed: , succeeded: , remaining count: 4
2025-11-30 15:38:38.457: [INFO][Sync] Prepare to configure types: Passwords, Encryption Keys
2025-11-30 15:38:38.457: [INFO][SyncManagerImpl::ConfigureSyncer] Types to download: Passwords, Encryption Keys with reason: 5
2025-11-30 15:38:38.457: [INFO][SyncSchedulerImpl::DoConfigurationSyncCycleJob] Blocked types:  and types to download: Passwords, Encryption Keys
2025-11-30 15:38:38.751: [INFO][SyncEngineBackend::DoFinishConfigureDataTypes] Failed to download types:  and succeeded types: Passwords, Encryption Keys
2025-11-30 15:38:38.754: [INFO][Sync] ConfigurationDone, failed: , succeeded: Passwords, Encryption Keys, remaining count: 3
2025-11-30 15:38:38.754: [INFO][SyncManagerImpl::ConfigureSyncer] Types to download:  with reason: 5
2025-11-30 15:38:38.754: [INFO][SyncEngineBackend::DoFinishConfigureDataTypes] Failed to download types:  and succeeded types: 
2025-11-30 15:38:38.754: [INFO][Sync] ConfigurationDone, failed: , succeeded: , remaining count: 2
2025-11-30 15:38:38.754: [INFO][SyncManagerImpl::ConfigureSyncer] Types to download:  with reason: 5
2025-11-30 15:38:38.754: [INFO][SyncEngineBackend::DoFinishConfigureDataTypes] Failed to download types:  and succeeded types: 
2025-11-30 15:38:38.759: [INFO][Sync] ConfigurationDone, failed: , succeeded: , remaining count: 1
2025-11-30 15:38:38.764: [INFO][SyncManagerImpl::ConfigureSyncer] Types to download:  with reason: 5
2025-11-30 15:38:38.764: [INFO][SyncEngineBackend::DoFinishConfigureDataTypes] Failed to download types:  and succeeded types: 
2025-11-30 15:38:38.764: [INFO][Sync] ConfigurationDone, failed: , succeeded: , remaining count: 0
2025-11-30 15:38:38.768: [INFO][Sync]     Configuration completed, state: 7
2025-11-30 15:38:38.769: [INFO][Sync] Configured DataTypeManager: Ok
2025-11-30 15:38:38.775: [INFO][SyncEngineBackend::DoStartSyncing] Start syncing
2025-11-30 15:40:20.278: [INFO][Sync] Reset engine, reason: 0
2025-11-30 15:40:20.278: [INFO][Sync] Reset engine with reason: 0
